<?xml version="1.0" encoding="UTF-8"?>
<testsuite xmlns:xsi="http://www.w3.org/2001/XMLSchema-instance" xsi:noNamespaceSchemaLocation="https://maven.apache.org/surefire/maven-surefire-plugin/xsd/surefire-test-report-3.0.xsd" version="3.0" name="harsh.drs_initial.DisasterTests" time="0.232" tests="12" errors="0" skipped="0" failures="0">
  <properties>
    <property name="java.specification.version" value="21"/>
    <property name="sun.cpu.isalist" value="amd64"/>
    <property name="sun.jnu.encoding" value="Cp1252"/>
    <property name="java.class.path" value="E:\AS\a haffman\DRS_Initial\target\test-classes;C:\Users\jayp2\.m2\repository\org\openjfx\javafx-controls\13\javafx-controls-13.jar;C:\Users\jayp2\.m2\repository\org\openjfx\javafx-graphics\13\javafx-graphics-13.jar;C:\Users\jayp2\.m2\repository\org\openjfx\javafx-base\13\javafx-base-13.jar;C:\Users\jayp2\.m2\repository\org\openjfx\javafx-fxml\13\javafx-fxml-13.jar;C:\Users\jayp2\.m2\repository\org\junit\jupiter\junit-jupiter-api\5.8.2\junit-jupiter-api-5.8.2.jar;C:\Users\jayp2\.m2\repository\org\opentest4j\opentest4j\1.2.0\opentest4j-1.2.0.jar;C:\Users\jayp2\.m2\repository\org\junit\platform\junit-platform-commons\1.8.2\junit-platform-commons-1.8.2.jar;C:\Users\jayp2\.m2\repository\org\apiguardian\apiguardian-api\1.1.2\apiguardian-api-1.1.2.jar;C:\Users\jayp2\.m2\repository\org\junit\jupiter\junit-jupiter-params\5.8.2\junit-jupiter-params-5.8.2.jar;C:\Users\jayp2\.m2\repository\org\junit\jupiter\junit-jupiter-engine\5.8.2\junit-jupiter-engine-5.8.2.jar;C:\Users\jayp2\.m2\repository\org\junit\platform\junit-platform-engine\1.8.2\junit-platform-engine-1.8.2.jar;"/>
    <property name="java.vm.vendor" value="Oracle Corporation"/>
    <property name="sun.arch.data.model" value="64"/>
    <property name="user.variant" value=""/>
    <property name="java.vendor.url" value="https://java.oracle.com/"/>
    <property name="user.timezone" value="Asia/Calcutta"/>
    <property name="os.name" value="Windows 11"/>
    <property name="java.vm.specification.version" value="21"/>
    <property name="user.country" value="IN"/>
    <property name="sun.java.launcher" value="SUN_STANDARD"/>
    <property name="sun.boot.library.path" value="C:\Program Files\Java\jdk-21\bin"/>
    <property name="sun.java.command" value="org.apache.maven.surefire.booter.ForkedBooter C:\Users\jayp2\AppData\Local\Temp\surefire6984512595502486373 2024-09-10T00-13-01_838-jvmRun1 surefire-20240910001302220_1tmp surefire_0-20240910001302220_2tmp"/>
    <property name="jdk.debug" value="release"/>
    <property name="test" value="DisasterTests"/>
    <property name="surefire.test.class.path" value="E:\AS\a haffman\DRS_Initial\target\test-classes;C:\Users\jayp2\.m2\repository\org\openjfx\javafx-controls\13\javafx-controls-13.jar;C:\Users\jayp2\.m2\repository\org\openjfx\javafx-graphics\13\javafx-graphics-13.jar;C:\Users\jayp2\.m2\repository\org\openjfx\javafx-base\13\javafx-base-13.jar;C:\Users\jayp2\.m2\repository\org\openjfx\javafx-fxml\13\javafx-fxml-13.jar;C:\Users\jayp2\.m2\repository\org\junit\jupiter\junit-jupiter-api\5.8.2\junit-jupiter-api-5.8.2.jar;C:\Users\jayp2\.m2\repository\org\opentest4j\opentest4j\1.2.0\opentest4j-1.2.0.jar;C:\Users\jayp2\.m2\repository\org\junit\platform\junit-platform-commons\1.8.2\junit-platform-commons-1.8.2.jar;C:\Users\jayp2\.m2\repository\org\apiguardian\apiguardian-api\1.1.2\apiguardian-api-1.1.2.jar;C:\Users\jayp2\.m2\repository\org\junit\jupiter\junit-jupiter-params\5.8.2\junit-jupiter-params-5.8.2.jar;C:\Users\jayp2\.m2\repository\org\junit\jupiter\junit-jupiter-engine\5.8.2\junit-jupiter-engine-5.8.2.jar;C:\Users\jayp2\.m2\repository\org\junit\platform\junit-platform-engine\1.8.2\junit-platform-engine-1.8.2.jar;"/>
    <property name="sun.cpu.endian" value="little"/>
    <property name="user.home" value="C:\Users\jayp2"/>
    <property name="user.language" value="en"/>
    <property name="java.specification.vendor" value="Oracle Corporation"/>
    <property name="jdk.module.path" value="E:\AS\a haffman\DRS_Initial\target\classes;C:\Users\jayp2\.m2\repository\org\openjfx\javafx-controls\13\javafx-controls-13-win.jar;C:\Users\jayp2\.m2\repository\org\openjfx\javafx-graphics\13\javafx-graphics-13-win.jar;C:\Users\jayp2\.m2\repository\org\openjfx\javafx-base\13\javafx-base-13-win.jar;C:\Users\jayp2\.m2\repository\org\openjfx\javafx-fxml\13\javafx-fxml-13-win.jar"/>
    <property name="java.version.date" value="2024-01-16"/>
    <property name="java.home" value="C:\Program Files\Java\jdk-21"/>
    <property name="file.separator" value="\"/>
    <property name="basedir" value="E:\AS\a haffman\DRS_Initial"/>
    <property name="java.vm.compressedOopsMode" value="Zero based"/>
    <property name="line.separator" value="&#10;"/>
    <property name="java.vm.specification.vendor" value="Oracle Corporation"/>
    <property name="java.specification.name" value="Java Platform API Specification"/>
    <property name="surefire.real.class.path" value="C:\Users\jayp2\.m2\repository\org\apache\maven\surefire\surefire-booter\3.2.2\surefire-booter-3.2.2.jar;C:\Users\jayp2\.m2\repository\org\apache\maven\surefire\surefire-api\3.2.2\surefire-api-3.2.2.jar;C:\Users\jayp2\.m2\repository\org\apache\maven\surefire\surefire-logger-api\3.2.2\surefire-logger-api-3.2.2.jar;C:\Users\jayp2\.m2\repository\org\apache\maven\surefire\surefire-shared-utils\3.2.2\surefire-shared-utils-3.2.2.jar;C:\Users\jayp2\.m2\repository\org\apache\maven\surefire\surefire-extensions-spi\3.2.2\surefire-extensions-spi-3.2.2.jar;E:\AS\a haffman\DRS_Initial\target\test-classes;C:\Users\jayp2\.m2\repository\org\openjfx\javafx-controls\13\javafx-controls-13.jar;C:\Users\jayp2\.m2\repository\org\openjfx\javafx-graphics\13\javafx-graphics-13.jar;C:\Users\jayp2\.m2\repository\org\openjfx\javafx-base\13\javafx-base-13.jar;C:\Users\jayp2\.m2\repository\org\openjfx\javafx-fxml\13\javafx-fxml-13.jar;C:\Users\jayp2\.m2\repository\org\junit\jupiter\junit-jupiter-api\5.8.2\junit-jupiter-api-5.8.2.jar;C:\Users\jayp2\.m2\repository\org\opentest4j\opentest4j\1.2.0\opentest4j-1.2.0.jar;C:\Users\jayp2\.m2\repository\org\junit\platform\junit-platform-commons\1.8.2\junit-platform-commons-1.8.2.jar;C:\Users\jayp2\.m2\repository\org\apiguardian\apiguardian-api\1.1.2\apiguardian-api-1.1.2.jar;C:\Users\jayp2\.m2\repository\org\junit\jupiter\junit-jupiter-params\5.8.2\junit-jupiter-params-5.8.2.jar;C:\Users\jayp2\.m2\repository\org\junit\jupiter\junit-jupiter-engine\5.8.2\junit-jupiter-engine-5.8.2.jar;C:\Users\jayp2\.m2\repository\org\junit\platform\junit-platform-engine\1.8.2\junit-platform-engine-1.8.2.jar;C:\Users\jayp2\.m2\repository\org\apache\maven\surefire\surefire-junit-platform\3.2.2\surefire-junit-platform-3.2.2.jar;C:\Users\jayp2\.m2\repository\org\apache\maven\surefire\common-java5\3.2.2\common-java5-3.2.2.jar;C:\Users\jayp2\.m2\repository\org\junit\platform\junit-platform-launcher\1.8.2\junit-platform-launcher-1.8.2.jar"/>
    <property name="user.script" value=""/>
    <property name="sun.management.compiler" value="HotSpot 64-Bit Tiered Compilers"/>
    <property name="java.runtime.version" value="21.0.2+13-LTS-58"/>
    <property name="user.name" value="jayp2"/>
    <property name="stdout.encoding" value="Cp1252"/>
    <property name="path.separator" value=";"/>
    <property name="os.version" value="10.0"/>
    <property name="java.runtime.name" value="Java(TM) SE Runtime Environment"/>
    <property name="file.encoding" value="UTF-8"/>
    <property name="java.vm.name" value="Java HotSpot(TM) 64-Bit Server VM"/>
    <property name="maven.ext.class.path" value="C:\Program Files\NetBeans-21\netbeans\java\maven-nblib\netbeans-eventspy.jar"/>
    <property name="localRepository" value="C:\Users\jayp2\.m2\repository"/>
    <property name="java.vendor.url.bug" value="https://bugreport.java.com/bugreport/"/>
    <property name="java.io.tmpdir" value="C:\Users\jayp2\AppData\Local\Temp\"/>
    <property name="java.version" value="21.0.2"/>
    <property name="user.dir" value="E:\AS\a haffman\DRS_Initial"/>
    <property name="os.arch" value="amd64"/>
    <property name="java.vm.specification.name" value="Java Virtual Machine Specification"/>
    <property name="sun.os.patch.level" value=""/>
    <property name="native.encoding" value="Cp1252"/>
    <property name="java.library.path" value="C:\Program Files\Java\jdk-21\bin;C:\WINDOWS\Sun\Java\bin;C:\WINDOWS\system32;C:\WINDOWS;C:\Program Files\Common Files\Oracle\Java\javapath;C:\Program Files (x86)\Intel\iCLS Client\;C:\Program Files\Intel\iCLS Client\;C:\Windows\system32;C:\Windows;C:\Windows\System32\Wbem;C:\Windows\System32\WindowsPowerShell\v1.0\;C:\Windows\System32\OpenSSH\;C:\Program Files (x86)\NVIDIA Corporation\PhysX\Common;C:\Program Files (x86)\Intel\Intel(R) Management Engine Components\DAL;C:\Program Files\Intel\Intel(R) Management Engine Components\DAL;C:\Program Files (x86)\Intel\Intel(R) Management Engine Components\IPT;C:\Program Files\Intel\Intel(R) Management Engine Components\IPT;C:\WINDOWS\system32;C:\WINDOWS;C:\WINDOWS\System32\Wbem;C:\WINDOWS\System32\WindowsPowerShell\v1.0\;C:\WINDOWS\System32\OpenSSH\;C:\Program Files\GTK3-Runtime Win64\bin;C:\Program Files\Git\cmd;C:\Program Files\Git\bin;;C:\Program Files\NVIDIA Corporation\NVIDIA app\NvDLISR;C:\Users\jayp2\AppData\Local\Programs\Python\Python312\Scripts\;C:\Users\jayp2\AppData\Local\Programs\Python\Python312\;C:\Users\jayp2\AppData\Local\Programs\Python\Launcher\;C:\Users\jayp2\AppData\Local\Microsoft\WindowsApps;;C:\Users\jayp2\AppData\Local\Programs\Microsoft VS Code\bin;."/>
    <property name="java.vm.info" value="mixed mode"/>
    <property name="stderr.encoding" value="Cp1252"/>
    <property name="java.vendor" value="Oracle Corporation"/>
    <property name="java.vm.version" value="21.0.2+13-LTS-58"/>
    <property name="sun.io.unicode.encoding" value="UnicodeLittle"/>
    <property name="java.class.version" value="65.0"/>
  </properties>
  <testcase name="testLogContent" classname="harsh.drs_initial.DisasterTests" time="0.041"/>
  <testcase name="testToString" classname="harsh.drs_initial.DisasterTests" time="0.009"/>
  <testcase name="testConstructorAndGetters" classname="harsh.drs_initial.DisasterTests" time="0.002"/>
  <testcase name="testCsvFileWriting" classname="harsh.drs_initial.DisasterTests" time="0.003"/>
  <testcase name="testPriorityAssignment(String, int, String)[1]" classname="harsh.drs_initial.DisasterTests" time="0.042"/>
  <testcase name="testPriorityAssignment(String, int, String)[2]" classname="harsh.drs_initial.DisasterTests" time="0.0"/>
  <testcase name="testPriorityAssignment(String, int, String)[3]" classname="harsh.drs_initial.DisasterTests" time="0.016"/>
  <testcase name="testPriorityAssignment(String, int, String)[4]" classname="harsh.drs_initial.DisasterTests" time="0.002"/>
  <testcase name="testPriorityAssignment(String, int, String)[5]" classname="harsh.drs_initial.DisasterTests" time="0.0"/>
  <testcase name="testPriorityAssignment(String, int, String)[6]" classname="harsh.drs_initial.DisasterTests" time="0.0"/>
  <testcase name="testPriorityAssignment(String, int, String)[7]" classname="harsh.drs_initial.DisasterTests" time="0.0"/>
  <testcase name="testSetters" classname="harsh.drs_initial.DisasterTests" time="0.0"/>
</testsuite>